# JRE version: OpenJDK Runtime Environment (8.0_242-b01) (build 1.8.0_242-release-1644-b01)
# Java VM: OpenJDK 64-Bit Server VM (25.242-b01 mixed mode windows-amd64 compressed oops)
Heap:
 PSYoungGen      total 541184K, used 319293K [0x00000000d5580000, 0x00000000ffc00000, 0x0000000100000000)
  eden space 501248K, 60% used [0x00000000d5580000,0x00000000e7bd4920,0x00000000f3f00000)
  from space 39936K, 44% used [0x00000000f3f00000,0x00000000f507acd0,0x00000000f6600000)
  to   space 38912K, 0% used [0x00000000fd600000,0x00000000fd600000,0x00000000ffc00000)
 ParOldGen       total 165888K, used 57300K [0x0000000080000000, 0x000000008a200000, 0x00000000d5580000)
  object space 165888K, 34% used [0x0000000080000000,0x00000000837f52d0,0x000000008a200000)
 Metaspace       used 95375K, capacity 100308K, committed 100696K, reserved 1136640K
  class space    used 12378K, capacity 13286K, committed 13440K, reserved 1048576K
GC Heap History (10 events):
Event: 1738.030 GC heap before
{Heap before GC invocations=15 (full 3):
 PSYoungGen      total 351744K, used 351740K [0x00000000d5580000, 0x00000000f2c00000, 0x0000000100000000)
  eden space 328704K, 100% used [0x00000000d5580000,0x00000000e9680000,0x00000000e9680000)
  from space 23040K, 99% used [0x00000000e9680000,0x00000000eacff000,0x00000000ead00000)
  to   space 28160K, 0% used [0x00000000f1080000,0x00000000f1080000,0x00000000f2c00000)
 ParOldGen       total 108032K, used 41014K [0x0000000080000000, 0x0000000086980000, 0x00000000d5580000)
  object space 108032K, 37% used [0x0000000080000000,0x000000008280d9e0,0x0000000086980000)
 Metaspace       used 76244K, capacity 79788K, committed 79832K, reserved 1118208K
  class space    used 10053K, capacity 10729K, committed 10752K, reserved 1048576K
Event: 1738.063 GC heap after
Heap after GC invocations=15 (full 3):
 PSYoungGen      total 424448K, used 13166K [0x00000000d5580000, 0x00000000f1d80000, 0x0000000100000000)
  eden space 411136K, 0% used [0x00000000d5580000,0x00000000d5580000,0x00000000ee700000)
  from space 13312K, 98% used [0x00000000f1080000,0x00000000f1d5ba10,0x00000000f1d80000)
  to   space 27136K, 0% used [0x00000000ee880000,0x00000000ee880000,0x00000000f0300000)
 ParOldGen       total 108032K, used 56158K [0x0000000080000000, 0x0000000086980000, 0x00000000d5580000)
  object space 108032K, 51% used [0x0000000080000000,0x00000000836d7bc0,0x0000000086980000)
 Metaspace       used 76244K, capacity 79788K, committed 79832K, reserved 1118208K
  class space    used 10053K, capacity 10729K, committed 10752K, reserved 1048576K
}
Event: 1759.082 GC heap before
{Heap before GC invocations=16 (full 3):
 PSYoungGen      total 424448K, used 424302K [0x00000000d5580000, 0x00000000f1d80000, 0x0000000100000000)
  eden space 411136K, 100% used [0x00000000d5580000,0x00000000ee700000,0x00000000ee700000)
  from space 13312K, 98% used [0x00000000f1080000,0x00000000f1d5ba10,0x00000000f1d80000)
  to   space 27136K, 0% used [0x00000000ee880000,0x00000000ee880000,0x00000000f0300000)
 ParOldGen       total 108032K, used 56158K [0x0000000080000000, 0x0000000086980000, 0x00000000d5580000)
  object space 108032K, 51% used [0x0000000080000000,0x00000000836d7bc0,0x0000000086980000)
 Metaspace       used 91382K, capacity 96108K, committed 96216K, reserved 1132544K
  class space    used 12077K, capacity 13026K, committed 13056K, reserved 1048576K
Event: 1759.201 GC heap after
Heap after GC invocations=16 (full 3):
 PSYoungGen      total 439808K, used 27106K [0x00000000d5580000, 0x00000000f8d00000, 0x0000000100000000)
  eden space 412672K, 0% used [0x00000000d5580000,0x00000000d5580000,0x00000000ee880000)
  from space 27136K, 99% used [0x00000000ee880000,0x00000000f02f8af0,0x00000000f0300000)
  to   space 39936K, 0% used [0x00000000f6600000,0x00000000f6600000,0x00000000f8d00000)
 ParOldGen       total 108032K, used 80413K [0x0000000080000000, 0x0000000086980000, 0x00000000d5580000)
  object space 108032K, 74% used [0x0000000080000000,0x0000000084e87668,0x0000000086980000)
 Metaspace       used 91382K, capacity 96108K, committed 96216K, reserved 1132544K
  class space    used 12077K, capacity 13026K, committed 13056K, reserved 1048576K
}
Event: 1760.556 GC heap before
{Heap before GC invocations=17 (full 3):
 PSYoungGen      total 439808K, used 83105K [0x00000000d5580000, 0x00000000f8d00000, 0x0000000100000000)
  eden space 412672K, 13% used [0x00000000d5580000,0x00000000d8c2fb68,0x00000000ee880000)
  from space 27136K, 99% used [0x00000000ee880000,0x00000000f02f8af0,0x00000000f0300000)
  to   space 39936K, 0% used [0x00000000f6600000,0x00000000f6600000,0x00000000f8d00000)
 ParOldGen       total 108032K, used 80413K [0x0000000080000000, 0x0000000086980000, 0x00000000d5580000)
  object space 108032K, 74% used [0x0000000080000000,0x0000000084e87668,0x0000000086980000)
 Metaspace       used 93155K, capacity 98210K, committed 98264K, reserved 1134592K
  class space    used 12297K, capacity 13309K, committed 13312K, reserved 1048576K
Event: 1760.595 GC heap after
Heap after GC invocations=17 (full 3):
 PSYoungGen      total 541184K, used 2625K [0x00000000d5580000, 0x00000000f9400000, 0x0000000100000000)
  eden space 501248K, 0% used [0x00000000d5580000,0x00000000d5580000,0x00000000f3f00000)
  from space 39936K, 6% used [0x00000000f6600000,0x00000000f6890418,0x00000000f8d00000)
  to   space 39936K, 0% used [0x00000000f3f00000,0x00000000f3f00000,0x00000000f6600000)
 ParOldGen       total 108032K, used 96642K [0x0000000080000000, 0x0000000086980000, 0x00000000d5580000)
  object space 108032K, 89% used [0x0000000080000000,0x0000000085e60808,0x0000000086980000)
 Metaspace       used 93155K, capacity 98210K, committed 98264K, reserved 1134592K
  class space    used 12297K, capacity 13309K, committed 13312K, reserved 1048576K
}
Event: 1760.595 GC heap before
{Heap before GC invocations=18 (full 4):
 PSYoungGen      total 541184K, used 2625K [0x00000000d5580000, 0x00000000f9400000, 0x0000000100000000)
  eden space 501248K, 0% used [0x00000000d5580000,0x00000000d5580000,0x00000000f3f00000)
  from space 39936K, 6% used [0x00000000f6600000,0x00000000f6890418,0x00000000f8d00000)
  to   space 39936K, 0% used [0x00000000f3f00000,0x00000000f3f00000,0x00000000f6600000)
 ParOldGen       total 108032K, used 96642K [0x0000000080000000, 0x0000000086980000, 0x00000000d5580000)
  object space 108032K, 89% used [0x0000000080000000,0x0000000085e60808,0x0000000086980000)
 Metaspace       used 93155K, capacity 98210K, committed 98264K, reserved 1134592K
  class space    used 12297K, capacity 13309K, committed 13312K, reserved 1048576K
Event: 1760.880 GC heap after
Heap after GC invocations=18 (full 4):
 PSYoungGen      total 541184K, used 0K [0x00000000d5580000, 0x00000000f9400000, 0x0000000100000000)
  eden space 501248K, 0% used [0x00000000d5580000,0x00000000d5580000,0x00000000f3f00000)
  from space 39936K, 0% used [0x00000000f6600000,0x00000000f6600000,0x00000000f8d00000)
  to   space 39936K, 0% used [0x00000000f3f00000,0x00000000f3f00000,0x00000000f6600000)
 ParOldGen       total 165888K, used 57292K [0x0000000080000000, 0x000000008a200000, 0x00000000d5580000)
  object space 165888K, 34% used [0x0000000080000000,0x00000000837f32d0,0x000000008a200000)
 Metaspace       used 92761K, capacity 97270K, committed 98264K, reserved 1134592K
  class space    used 12157K, capacity 13059K, committed 13312K, reserved 1048576K
}
Event: 3310.900 GC heap before
{Heap before GC invocations=19 (full 4):
 PSYoungGen      total 541184K, used 501248K [0x00000000d5580000, 0x00000000f9400000, 0x0000000100000000)
  eden space 501248K, 100% used [0x00000000d5580000,0x00000000f3f00000,0x00000000f3f00000)
  from space 39936K, 0% used [0x00000000f6600000,0x00000000f6600000,0x00000000f8d00000)
  to   space 39936K, 0% used [0x00000000f3f00000,0x00000000f3f00000,0x00000000f6600000)
 ParOldGen       total 165888K, used 57292K [0x0000000080000000, 0x000000008a200000, 0x00000000d5580000)
  object space 165888K, 34% used [0x0000000080000000,0x00000000837f32d0,0x000000008a200000)
 Metaspace       used 95042K, capacity 99936K, committed 100440K, reserved 1136640K
  class space    used 12375K, capacity 13282K, committed 13440K, reserved 1048576K
Event: 3310.931 GC heap after
Heap after GC invocations=19 (full 4):
 PSYoungGen      total 541184K, used 17899K [0x00000000d5580000, 0x00000000ffc00000, 0x0000000100000000)
  eden space 501248K, 0% used [0x00000000d5580000,0x00000000d5580000,0x00000000f3f00000)
  from space 39936K, 44% used [0x00000000f3f00000,0x00000000f507acd0,0x00000000f6600000)
  to   space 38912K, 0% used [0x00000000fd600000,0x00000000fd600000,0x00000000ffc00000)
 ParOldGen       total 165888K, used 57300K [0x0000000080000000, 0x000000008a200000, 0x00000000d5580000)
  object space 165888K, 34% used [0x0000000080000000,0x00000000837f52d0,0x000000008a200000)
 Metaspace       used 95042K, capacity 99936K, committed 100440K, reserved 1136640K
  class space    used 12375K, capacity 13282K, committed 13440K, reserved 1048576K
}

