# JRE version: OpenJDK Runtime Environment (8.0_242-b01) (build 1.8.0_242-release-1644-b01)
# Java VM: OpenJDK 64-Bit Server VM (25.242-b01 mixed mode windows-amd64 compressed oops)
Heap:
 PSYoungGen      total 647680K, used 176825K [0x00000000d5580000, 0x0000000100000000, 0x0000000100000000)
  eden space 623104K, 28% used [0x00000000d5580000,0x00000000e022e500,0x00000000fb600000)
  from space 24576K, 0% used [0x00000000fb600000,0x00000000fb600000,0x00000000fce00000)
  to   space 39424K, 0% used [0x00000000fd980000,0x00000000fd980000,0x0000000100000000)
 ParOldGen       total 93184K, used 79123K [0x0000000080000000, 0x0000000085b00000, 0x00000000d5580000)
  object space 93184K, 84% used [0x0000000080000000,0x0000000084d44f58,0x0000000085b00000)
 Metaspace       used 93642K, capacity 98602K, committed 99832K, reserved 1136640K
  class space    used 12279K, capacity 13213K, committed 13600K, reserved 1048576K
GC Heap History (10 events):
Event: 19.731 GC heap before
{Heap before GC invocations=15 (full 3):
 PSYoungGen      total 370688K, used 347648K [0x00000000d5580000, 0x00000000f8180000, 0x0000000100000000)
  eden space 347648K, 100% used [0x00000000d5580000,0x00000000ea900000,0x00000000ea900000)
  from space 23040K, 0% used [0x00000000ea900000,0x00000000ea900000,0x00000000ebf80000)
  to   space 23552K, 0% used [0x00000000f6a80000,0x00000000f6a80000,0x00000000f8180000)
 ParOldGen       total 93184K, used 29470K [0x0000000080000000, 0x0000000085b00000, 0x00000000d5580000)
  object space 93184K, 31% used [0x0000000080000000,0x0000000081cc79b8,0x0000000085b00000)
 Metaspace       used 70111K, capacity 73444K, committed 73688K, reserved 1112064K
  class space    used 9563K, capacity 10209K, committed 10240K, reserved 1048576K
Event: 19.789 GC heap after
Heap after GC invocations=15 (full 3):
 PSYoungGen      total 530432K, used 23532K [0x00000000d5580000, 0x00000000f8180000, 0x0000000100000000)
  eden space 506880K, 0% used [0x00000000d5580000,0x00000000d5580000,0x00000000f4480000)
  from space 23552K, 99% used [0x00000000f6a80000,0x00000000f817b2c0,0x00000000f8180000)
  to   space 29184K, 0% used [0x00000000f4880000,0x00000000f4880000,0x00000000f6500000)
 ParOldGen       total 93184K, used 34821K [0x0000000080000000, 0x0000000085b00000, 0x00000000d5580000)
  object space 93184K, 37% used [0x0000000080000000,0x0000000082201760,0x0000000085b00000)
 Metaspace       used 70111K, capacity 73444K, committed 73688K, reserved 1112064K
  class space    used 9563K, capacity 10209K, committed 10240K, reserved 1048576K
}
Event: 52.060 GC heap before
{Heap before GC invocations=16 (full 3):
 PSYoungGen      total 530432K, used 530412K [0x00000000d5580000, 0x00000000f8180000, 0x0000000100000000)
  eden space 506880K, 100% used [0x00000000d5580000,0x00000000f4480000,0x00000000f4480000)
  from space 23552K, 99% used [0x00000000f6a80000,0x00000000f817b2c0,0x00000000f8180000)
  to   space 29184K, 0% used [0x00000000f4880000,0x00000000f4880000,0x00000000f6500000)
 ParOldGen       total 93184K, used 34821K [0x0000000080000000, 0x0000000085b00000, 0x00000000d5580000)
  object space 93184K, 37% used [0x0000000080000000,0x0000000082201760,0x0000000085b00000)
 Metaspace       used 77005K, capacity 80822K, committed 80984K, reserved 1120256K
  class space    used 10114K, capacity 10822K, committed 10880K, reserved 1048576K
Event: 52.119 GC heap after
Heap after GC invocations=16 (full 3):
 PSYoungGen      total 540160K, used 18947K [0x00000000d5580000, 0x0000000100000000, 0x0000000100000000)
  eden space 510976K, 0% used [0x00000000d5580000,0x00000000d5580000,0x00000000f4880000)
  from space 29184K, 64% used [0x00000000f4880000,0x00000000f5b00e18,0x00000000f6500000)
  to   space 30208K, 0% used [0x00000000fe280000,0x00000000fe280000,0x0000000100000000)
 ParOldGen       total 93184K, used 50081K [0x0000000080000000, 0x0000000085b00000, 0x00000000d5580000)
  object space 93184K, 53% used [0x0000000080000000,0x00000000830e84c8,0x0000000085b00000)
 Metaspace       used 77005K, capacity 80822K, committed 80984K, reserved 1120256K
  class space    used 10114K, capacity 10822K, committed 10880K, reserved 1048576K
}
Event: 1080.250 GC heap before
{Heap before GC invocations=17 (full 3):
 PSYoungGen      total 540160K, used 529923K [0x00000000d5580000, 0x0000000100000000, 0x0000000100000000)
  eden space 510976K, 100% used [0x00000000d5580000,0x00000000f4880000,0x00000000f4880000)
  from space 29184K, 64% used [0x00000000f4880000,0x00000000f5b00e18,0x00000000f6500000)
  to   space 30208K, 0% used [0x00000000fe280000,0x00000000fe280000,0x0000000100000000)
 ParOldGen       total 93184K, used 50081K [0x0000000080000000, 0x0000000085b00000, 0x00000000d5580000)
  object space 93184K, 53% used [0x0000000080000000,0x00000000830e84c8,0x0000000085b00000)
 Metaspace       used 86575K, capacity 91120K, committed 91224K, reserved 1128448K
  class space    used 11313K, capacity 12132K, committed 12160K, reserved 1048576K
Event: 1080.309 GC heap after
Heap after GC invocations=17 (full 3):
 PSYoungGen      total 653312K, used 30198K [0x00000000d5580000, 0x0000000100000000, 0x0000000100000000)
  eden space 623104K, 0% used [0x00000000d5580000,0x00000000d5580000,0x00000000fb600000)
  from space 30208K, 99% used [0x00000000fe280000,0x00000000ffffda70,0x0000000100000000)
  to   space 37888K, 0% used [0x00000000fb600000,0x00000000fb600000,0x00000000fdb00000)
 ParOldGen       total 93184K, used 57854K [0x0000000080000000, 0x0000000085b00000, 0x00000000d5580000)
  object space 93184K, 62% used [0x0000000080000000,0x000000008387f820,0x0000000085b00000)
 Metaspace       used 86575K, capacity 91120K, committed 91224K, reserved 1128448K
  class space    used 11313K, capacity 12132K, committed 12160K, reserved 1048576K
}
Event: 1082.151 GC heap before
{Heap before GC invocations=18 (full 3):
 PSYoungGen      total 653312K, used 155268K [0x00000000d5580000, 0x0000000100000000, 0x0000000100000000)
  eden space 623104K, 20% used [0x00000000d5580000,0x00000000dcfa3798,0x00000000fb600000)
  from space 30208K, 99% used [0x00000000fe280000,0x00000000ffffda70,0x0000000100000000)
  to   space 37888K, 0% used [0x00000000fb600000,0x00000000fb600000,0x00000000fdb00000)
 ParOldGen       total 93184K, used 57854K [0x0000000080000000, 0x0000000085b00000, 0x00000000d5580000)
  object space 93184K, 62% used [0x0000000080000000,0x000000008387f820,0x0000000085b00000)
 Metaspace       used 93485K, capacity 98894K, committed 98936K, reserved 1134592K
  class space    used 12417K, capacity 13451K, committed 13472K, reserved 1048576K
Event: 1082.220 GC heap after
Heap after GC invocations=18 (full 3):
 PSYoungGen      total 647680K, used 24528K [0x00000000d5580000, 0x0000000100000000, 0x0000000100000000)
  eden space 623104K, 0% used [0x00000000d5580000,0x00000000d5580000,0x00000000fb600000)
  from space 24576K, 99% used [0x00000000fb600000,0x00000000fcdf43e0,0x00000000fce00000)
  to   space 39424K, 0% used [0x00000000fd980000,0x00000000fd980000,0x0000000100000000)
 ParOldGen       total 93184K, used 72638K [0x0000000080000000, 0x0000000085b00000, 0x00000000d5580000)
  object space 93184K, 77% used [0x0000000080000000,0x00000000846ef980,0x0000000085b00000)
 Metaspace       used 93485K, capacity 98894K, committed 98936K, reserved 1134592K
  class space    used 12417K, capacity 13451K, committed 13472K, reserved 1048576K
}
Event: 1082.220 GC heap before
{Heap before GC invocations=19 (full 4):
 PSYoungGen      total 647680K, used 24528K [0x00000000d5580000, 0x0000000100000000, 0x0000000100000000)
  eden space 623104K, 0% used [0x00000000d5580000,0x00000000d5580000,0x00000000fb600000)
  from space 24576K, 99% used [0x00000000fb600000,0x00000000fcdf43e0,0x00000000fce00000)
  to   space 39424K, 0% used [0x00000000fd980000,0x00000000fd980000,0x0000000100000000)
 ParOldGen       total 93184K, used 72638K [0x0000000080000000, 0x0000000085b00000, 0x00000000d5580000)
  object space 93184K, 77% used [0x0000000080000000,0x00000000846ef980,0x0000000085b00000)
 Metaspace       used 93485K, capacity 98894K, committed 98936K, reserved 1134592K
  class space    used 12417K, capacity 13451K, committed 13472K, reserved 1048576K
Event: 1082.561 GC heap after
Heap after GC invocations=19 (full 4):
 PSYoungGen      total 647680K, used 0K [0x00000000d5580000, 0x0000000100000000, 0x0000000100000000)
  eden space 623104K, 0% used [0x00000000d5580000,0x00000000d5580000,0x00000000fb600000)
  from space 24576K, 0% used [0x00000000fb600000,0x00000000fb600000,0x00000000fce00000)
  to   space 39424K, 0% used [0x00000000fd980000,0x00000000fd980000,0x0000000100000000)
 ParOldGen       total 93184K, used 79123K [0x0000000080000000, 0x0000000085b00000, 0x00000000d5580000)
  object space 93184K, 84% used [0x0000000080000000,0x0000000084d44f58,0x0000000085b00000)
 Metaspace       used 93031K, capacity 97848K, committed 98936K, reserved 1134592K
  class space    used 12254K, capacity 13160K, committed 13472K, reserved 1048576K
}

