# JRE version: OpenJDK Runtime Environment (8.0_242-b01) (build 1.8.0_242-release-1644-b01)
# Java VM: OpenJDK 64-Bit Server VM (25.242-b01 mixed mode windows-amd64 compressed oops)
Heap:
 PSYoungGen      total 601088K, used 143573K [0x00000000d5580000, 0x00000000fcb00000, 0x0000000100000000)
  eden space 577024K, 20% used [0x00000000d5580000,0x00000000dca3d430,0x00000000f8900000)
  from space 24064K, 99% used [0x00000000fac80000,0x00000000fc3f82e8,0x00000000fc400000)
  to   space 33792K, 0% used [0x00000000f8900000,0x00000000f8900000,0x00000000faa00000)
 ParOldGen       total 104448K, used 50969K [0x0000000080000000, 0x0000000086600000, 0x00000000d5580000)
  object space 104448K, 48% used [0x0000000080000000,0x00000000831c6678,0x0000000086600000)
 Metaspace       used 86582K, capacity 90574K, committed 90712K, reserved 1128448K
  class space    used 11512K, capacity 12342K, committed 12416K, reserved 1048576K
GC Heap History (10 events):
Event: 4.833 GC heap before
{Heap before GC invocations=9 (full 2):
 PSYoungGen      total 276992K, used 7782K [0x00000000d5580000, 0x00000000f1880000, 0x0000000100000000)
  eden space 261120K, 0% used [0x00000000d5580000,0x00000000d5580000,0x00000000e5480000)
  from space 15872K, 49% used [0x00000000e5480000,0x00000000e5c19880,0x00000000e6400000)
  to   space 14848K, 0% used [0x00000000f0a00000,0x00000000f0a00000,0x00000000f1880000)
 ParOldGen       total 57856K, used 11711K [0x0000000080000000, 0x0000000083880000, 0x00000000d5580000)
  object space 57856K, 20% used [0x0000000080000000,0x0000000080b6ff50,0x0000000083880000)
 Metaspace       used 34093K, capacity 35340K, committed 35456K, reserved 1079296K
  class space    used 4599K, capacity 4919K, committed 4992K, reserved 1048576K
Event: 4.914 GC heap after
Heap after GC invocations=9 (full 2):
 PSYoungGen      total 276992K, used 0K [0x00000000d5580000, 0x00000000f1880000, 0x0000000100000000)
  eden space 261120K, 0% used [0x00000000d5580000,0x00000000d5580000,0x00000000e5480000)
  from space 15872K, 0% used [0x00000000e5480000,0x00000000e5480000,0x00000000e6400000)
  to   space 14848K, 0% used [0x00000000f0a00000,0x00000000f0a00000,0x00000000f1880000)
 ParOldGen       total 71168K, used 14432K [0x0000000080000000, 0x0000000084580000, 0x00000000d5580000)
  object space 71168K, 20% used [0x0000000080000000,0x0000000080e18058,0x0000000084580000)
 Metaspace       used 34093K, capacity 35340K, committed 35456K, reserved 1079296K
  class space    used 4599K, capacity 4919K, committed 4992K, reserved 1048576K
}
Event: 9.615 GC heap before
{Heap before GC invocations=10 (full 2):
 PSYoungGen      total 276992K, used 261120K [0x00000000d5580000, 0x00000000f1880000, 0x0000000100000000)
  eden space 261120K, 100% used [0x00000000d5580000,0x00000000e5480000,0x00000000e5480000)
  from space 15872K, 0% used [0x00000000e5480000,0x00000000e5480000,0x00000000e6400000)
  to   space 14848K, 0% used [0x00000000f0a00000,0x00000000f0a00000,0x00000000f1880000)
 ParOldGen       total 71168K, used 14432K [0x0000000080000000, 0x0000000084580000, 0x00000000d5580000)
  object space 71168K, 20% used [0x0000000080000000,0x0000000080e18058,0x0000000084580000)
 Metaspace       used 49001K, capacity 51208K, committed 51584K, reserved 1093632K
  class space    used 6496K, capacity 6927K, committed 7040K, reserved 1048576K
Event: 9.658 GC heap after
Heap after GC invocations=10 (full 2):
 PSYoungGen      total 441856K, used 14838K [0x00000000d5580000, 0x00000000f2600000, 0x0000000100000000)
  eden space 427008K, 0% used [0x00000000d5580000,0x00000000d5580000,0x00000000ef680000)
  from space 14848K, 99% used [0x00000000f0a00000,0x00000000f187da80,0x00000000f1880000)
  to   space 19968K, 0% used [0x00000000ef680000,0x00000000ef680000,0x00000000f0a00000)
 ParOldGen       total 71168K, used 21008K [0x0000000080000000, 0x0000000084580000, 0x00000000d5580000)
  object space 71168K, 29% used [0x0000000080000000,0x0000000081484210,0x0000000084580000)
 Metaspace       used 49001K, capacity 51208K, committed 51584K, reserved 1093632K
  class space    used 6496K, capacity 6927K, committed 7040K, reserved 1048576K
}
Event: 10.795 GC heap before
{Heap before GC invocations=11 (full 2):
 PSYoungGen      total 441856K, used 124781K [0x00000000d5580000, 0x00000000f2600000, 0x0000000100000000)
  eden space 427008K, 25% used [0x00000000d5580000,0x00000000dc0ddb90,0x00000000ef680000)
  from space 14848K, 99% used [0x00000000f0a00000,0x00000000f187da80,0x00000000f1880000)
  to   space 19968K, 0% used [0x00000000ef680000,0x00000000ef680000,0x00000000f0a00000)
 ParOldGen       total 71168K, used 21008K [0x0000000080000000, 0x0000000084580000, 0x00000000d5580000)
  object space 71168K, 29% used [0x0000000080000000,0x0000000081484210,0x0000000084580000)
 Metaspace       used 56538K, capacity 59024K, committed 59096K, reserved 1099776K
  class space    used 7425K, capacity 7899K, committed 7936K, reserved 1048576K
Event: 10.823 GC heap after
Heap after GC invocations=11 (full 2):
 PSYoungGen      total 446976K, used 19955K [0x00000000d5580000, 0x00000000fc400000, 0x0000000100000000)
  eden space 427008K, 0% used [0x00000000d5580000,0x00000000d5580000,0x00000000ef680000)
  from space 19968K, 99% used [0x00000000ef680000,0x00000000f09fcfe0,0x00000000f0a00000)
  to   space 24064K, 0% used [0x00000000fac80000,0x00000000fac80000,0x00000000fc400000)
 ParOldGen       total 71168K, used 23561K [0x0000000080000000, 0x0000000084580000, 0x00000000d5580000)
  object space 71168K, 33% used [0x0000000080000000,0x0000000081702740,0x0000000084580000)
 Metaspace       used 56538K, capacity 59024K, committed 59096K, reserved 1099776K
  class space    used 7425K, capacity 7899K, committed 7936K, reserved 1048576K
}
Event: 10.823 GC heap before
{Heap before GC invocations=12 (full 3):
 PSYoungGen      total 446976K, used 19955K [0x00000000d5580000, 0x00000000fc400000, 0x0000000100000000)
  eden space 427008K, 0% used [0x00000000d5580000,0x00000000d5580000,0x00000000ef680000)
  from space 19968K, 99% used [0x00000000ef680000,0x00000000f09fcfe0,0x00000000f0a00000)
  to   space 24064K, 0% used [0x00000000fac80000,0x00000000fac80000,0x00000000fc400000)
 ParOldGen       total 71168K, used 23561K [0x0000000080000000, 0x0000000084580000, 0x00000000d5580000)
  object space 71168K, 33% used [0x0000000080000000,0x0000000081702740,0x0000000084580000)
 Metaspace       used 56538K, capacity 59024K, committed 59096K, reserved 1099776K
  class space    used 7425K, capacity 7899K, committed 7936K, reserved 1048576K
Event: 11.007 GC heap after
Heap after GC invocations=12 (full 3):
 PSYoungGen      total 446976K, used 0K [0x00000000d5580000, 0x00000000fc400000, 0x0000000100000000)
  eden space 427008K, 0% used [0x00000000d5580000,0x00000000d5580000,0x00000000ef680000)
  from space 19968K, 0% used [0x00000000ef680000,0x00000000ef680000,0x00000000f0a00000)
  to   space 24064K, 0% used [0x00000000fac80000,0x00000000fac80000,0x00000000fc400000)
 ParOldGen       total 104448K, used 34673K [0x0000000080000000, 0x0000000086600000, 0x00000000d5580000)
  object space 104448K, 33% used [0x0000000080000000,0x00000000821dc540,0x0000000086600000)
 Metaspace       used 56430K, capacity 58740K, committed 59096K, reserved 1099776K
  class space    used 7394K, capacity 7860K, committed 7936K, reserved 1048576K
}
Event: 17.671 GC heap before
{Heap before GC invocations=13 (full 3):
 PSYoungGen      total 446976K, used 427008K [0x00000000d5580000, 0x00000000fc400000, 0x0000000100000000)
  eden space 427008K, 100% used [0x00000000d5580000,0x00000000ef680000,0x00000000ef680000)
  from space 19968K, 0% used [0x00000000ef680000,0x00000000ef680000,0x00000000f0a00000)
  to   space 24064K, 0% used [0x00000000fac80000,0x00000000fac80000,0x00000000fc400000)
 ParOldGen       total 104448K, used 34673K [0x0000000080000000, 0x0000000086600000, 0x00000000d5580000)
  object space 104448K, 33% used [0x0000000080000000,0x00000000821dc540,0x0000000086600000)
 Metaspace       used 84336K, capacity 88320K, committed 88536K, reserved 1126400K
  class space    used 11359K, capacity 12163K, committed 12288K, reserved 1048576K
Event: 17.800 GC heap after
Heap after GC invocations=13 (full 3):
 PSYoungGen      total 601088K, used 24032K [0x00000000d5580000, 0x00000000fcb00000, 0x0000000100000000)
  eden space 577024K, 0% used [0x00000000d5580000,0x00000000d5580000,0x00000000f8900000)
  from space 24064K, 99% used [0x00000000fac80000,0x00000000fc3f82e8,0x00000000fc400000)
  to   space 33792K, 0% used [0x00000000f8900000,0x00000000f8900000,0x00000000faa00000)
 ParOldGen       total 104448K, used 50969K [0x0000000080000000, 0x0000000086600000, 0x00000000d5580000)
  object space 104448K, 48% used [0x0000000080000000,0x00000000831c6678,0x0000000086600000)
 Metaspace       used 84336K, capacity 88320K, committed 88536K, reserved 1126400K
  class space    used 11359K, capacity 12163K, committed 12288K, reserved 1048576K
}

