# JRE version: OpenJDK Runtime Environment (8.0_242-b01) (build 1.8.0_242-release-1644-b01)
# Java VM: OpenJDK 64-Bit Server VM (25.242-b01 mixed mode windows-amd64 compressed oops)
Heap:
 PSYoungGen      total 659968K, used 642587K [0x00000000d5580000, 0x0000000100000000, 0x0000000100000000)
  eden space 627200K, 97% used [0x00000000d5580000,0x00000000fa9489d8,0x00000000fba00000)
  from space 32768K, 99% used [0x00000000fba00000,0x00000000fd9be400,0x00000000fda00000)
  to   space 38912K, 0% used [0x00000000fda00000,0x00000000fda00000,0x0000000100000000)
 ParOldGen       total 164352K, used 56924K [0x0000000080000000, 0x000000008a080000, 0x00000000d5580000)
  object space 164352K, 34% used [0x0000000080000000,0x0000000083797298,0x000000008a080000)
 Metaspace       used 97962K, capacity 105766K, committed 105944K, reserved 1140736K
  class space    used 12713K, capacity 14021K, committed 14080K, reserved 1048576K
GC Heap History (10 events):
Event: 490.428 GC heap before
{Heap before GC invocations=19 (full 4):
 PSYoungGen      total 523264K, used 499427K [0x00000000d5580000, 0x00000000f8980000, 0x0000000100000000)
  eden space 500736K, 99% used [0x00000000d5580000,0x00000000f3d38f20,0x00000000f3e80000)
  from space 22528K, 0% used [0x00000000f7380000,0x00000000f7380000,0x00000000f8980000)
  to   space 38400K, 0% used [0x00000000f3e80000,0x00000000f3e80000,0x00000000f6400000)
 ParOldGen       total 164352K, used 56440K [0x0000000080000000, 0x000000008a080000, 0x00000000d5580000)
  object space 164352K, 34% used [0x0000000080000000,0x000000008371e2e8,0x000000008a080000)
 Metaspace       used 93442K, capacity 98268K, committed 99032K, reserved 1134592K
  class space    used 12226K, capacity 13094K, committed 13312K, reserved 1048576K
Event: 490.449 GC heap after
Heap after GC invocations=19 (full 4):
 PSYoungGen      total 539136K, used 13818K [0x00000000d5580000, 0x00000000feb00000, 0x0000000100000000)
  eden space 500736K, 0% used [0x00000000d5580000,0x00000000d5580000,0x00000000f3e80000)
  from space 38400K, 35% used [0x00000000f3e80000,0x00000000f4bfe938,0x00000000f6400000)
  to   space 36352K, 0% used [0x00000000fc780000,0x00000000fc780000,0x00000000feb00000)
 ParOldGen       total 164352K, used 56448K [0x0000000080000000, 0x000000008a080000, 0x00000000d5580000)
  object space 164352K, 34% used [0x0000000080000000,0x00000000837202e8,0x000000008a080000)
 Metaspace       used 93442K, capacity 98268K, committed 99032K, reserved 1134592K
  class space    used 12226K, capacity 13094K, committed 13312K, reserved 1048576K
}
Event: 1098.174 GC heap before
{Heap before GC invocations=20 (full 4):
 PSYoungGen      total 539136K, used 514554K [0x00000000d5580000, 0x00000000feb00000, 0x0000000100000000)
  eden space 500736K, 100% used [0x00000000d5580000,0x00000000f3e80000,0x00000000f3e80000)
  from space 38400K, 35% used [0x00000000f3e80000,0x00000000f4bfe938,0x00000000f6400000)
  to   space 36352K, 0% used [0x00000000fc780000,0x00000000fc780000,0x00000000feb00000)
 ParOldGen       total 164352K, used 56448K [0x0000000080000000, 0x000000008a080000, 0x00000000d5580000)
  object space 164352K, 34% used [0x0000000080000000,0x00000000837202e8,0x000000008a080000)
 Metaspace       used 94265K, capacity 99362K, committed 99800K, reserved 1136640K
  class space    used 12272K, capacity 13177K, committed 13312K, reserved 1048576K
Event: 1098.202 GC heap after
Heap after GC invocations=20 (full 4):
 PSYoungGen      total 604160K, used 17648K [0x00000000d5580000, 0x00000000fd900000, 0x0000000100000000)
  eden space 586240K, 0% used [0x00000000d5580000,0x00000000d5580000,0x00000000f9200000)
  from space 17920K, 98% used [0x00000000fc780000,0x00000000fd8bc028,0x00000000fd900000)
  to   space 34816K, 0% used [0x00000000f9500000,0x00000000f9500000,0x00000000fb700000)
 ParOldGen       total 164352K, used 56456K [0x0000000080000000, 0x000000008a080000, 0x00000000d5580000)
  object space 164352K, 34% used [0x0000000080000000,0x00000000837222e8,0x000000008a080000)
 Metaspace       used 94265K, capacity 99362K, committed 99800K, reserved 1136640K
  class space    used 12272K, capacity 13177K, committed 13312K, reserved 1048576K
}
Event: 1389.908 GC heap before
{Heap before GC invocations=21 (full 4):
 PSYoungGen      total 604160K, used 603888K [0x00000000d5580000, 0x00000000fd900000, 0x0000000100000000)
  eden space 586240K, 100% used [0x00000000d5580000,0x00000000f9200000,0x00000000f9200000)
  from space 17920K, 98% used [0x00000000fc780000,0x00000000fd8bc028,0x00000000fd900000)
  to   space 34816K, 0% used [0x00000000f9500000,0x00000000f9500000,0x00000000fb700000)
 ParOldGen       total 164352K, used 56456K [0x0000000080000000, 0x000000008a080000, 0x00000000d5580000)
  object space 164352K, 34% used [0x0000000080000000,0x00000000837222e8,0x000000008a080000)
 Metaspace       used 95485K, capacity 101528K, committed 101720K, reserved 1138688K
  class space    used 12408K, capacity 13426K, committed 13440K, reserved 1048576K
Event: 1389.942 GC heap after
Heap after GC invocations=21 (full 4):
 PSYoungGen      total 624128K, used 17380K [0x00000000d5580000, 0x0000000100000000, 0x0000000100000000)
  eden space 589312K, 0% used [0x00000000d5580000,0x00000000d5580000,0x00000000f9500000)
  from space 34816K, 49% used [0x00000000f9500000,0x00000000fa5f9128,0x00000000fb700000)
  to   space 33792K, 0% used [0x00000000fdf00000,0x00000000fdf00000,0x0000000100000000)
 ParOldGen       total 164352K, used 56464K [0x0000000080000000, 0x000000008a080000, 0x00000000d5580000)
  object space 164352K, 34% used [0x0000000080000000,0x00000000837242e8,0x000000008a080000)
 Metaspace       used 95485K, capacity 101528K, committed 101720K, reserved 1138688K
  class space    used 12408K, capacity 13426K, committed 13440K, reserved 1048576K
}
Event: 1723.603 GC heap before
{Heap before GC invocations=22 (full 4):
 PSYoungGen      total 624128K, used 606692K [0x00000000d5580000, 0x0000000100000000, 0x0000000100000000)
  eden space 589312K, 100% used [0x00000000d5580000,0x00000000f9500000,0x00000000f9500000)
  from space 34816K, 49% used [0x00000000f9500000,0x00000000fa5f9128,0x00000000fb700000)
  to   space 33792K, 0% used [0x00000000fdf00000,0x00000000fdf00000,0x0000000100000000)
 ParOldGen       total 164352K, used 56890K [0x0000000080000000, 0x000000008a080000, 0x00000000d5580000)
  object space 164352K, 34% used [0x0000000080000000,0x000000008378eb28,0x000000008a080000)
 Metaspace       used 95943K, capacity 101952K, committed 101976K, reserved 1138688K
  class space    used 12412K, capacity 13430K, committed 13440K, reserved 1048576K
Event: 1723.653 GC heap after
Heap after GC invocations=22 (full 4):
 PSYoungGen      total 660992K, used 25304K [0x00000000d5580000, 0x0000000100000000, 0x0000000100000000)
  eden space 627200K, 0% used [0x00000000d5580000,0x00000000d5580000,0x00000000fba00000)
  from space 33792K, 74% used [0x00000000fdf00000,0x00000000ff7b6108,0x0000000100000000)
  to   space 35840K, 0% used [0x00000000fba00000,0x00000000fba00000,0x00000000fdd00000)
 ParOldGen       total 164352K, used 56898K [0x0000000080000000, 0x000000008a080000, 0x00000000d5580000)
  object space 164352K, 34% used [0x0000000080000000,0x0000000083790b28,0x000000008a080000)
 Metaspace       used 95943K, capacity 101952K, committed 101976K, reserved 1138688K
  class space    used 12412K, capacity 13430K, committed 13440K, reserved 1048576K
}
Event: 1799.437 GC heap before
{Heap before GC invocations=23 (full 4):
 PSYoungGen      total 660992K, used 652504K [0x00000000d5580000, 0x0000000100000000, 0x0000000100000000)
  eden space 627200K, 100% used [0x00000000d5580000,0x00000000fba00000,0x00000000fba00000)
  from space 33792K, 74% used [0x00000000fdf00000,0x00000000ff7b6108,0x0000000100000000)
  to   space 35840K, 0% used [0x00000000fba00000,0x00000000fba00000,0x00000000fdd00000)
 ParOldGen       total 164352K, used 56916K [0x0000000080000000, 0x000000008a080000, 0x00000000d5580000)
  object space 164352K, 34% used [0x0000000080000000,0x0000000083795298,0x000000008a080000)
 Metaspace       used 96262K, capacity 102376K, committed 102616K, reserved 1138688K
  class space    used 12438K, capacity 13514K, committed 13568K, reserved 1048576K
Event: 1799.467 GC heap after
Heap after GC invocations=23 (full 4):
 PSYoungGen      total 659968K, used 32505K [0x00000000d5580000, 0x0000000100000000, 0x0000000100000000)
  eden space 627200K, 0% used [0x00000000d5580000,0x00000000d5580000,0x00000000fba00000)
  from space 32768K, 99% used [0x00000000fba00000,0x00000000fd9be400,0x00000000fda00000)
  to   space 38912K, 0% used [0x00000000fda00000,0x00000000fda00000,0x0000000100000000)
 ParOldGen       total 164352K, used 56924K [0x0000000080000000, 0x000000008a080000, 0x00000000d5580000)
  object space 164352K, 34% used [0x0000000080000000,0x0000000083797298,0x000000008a080000)
 Metaspace       used 96262K, capacity 102376K, committed 102616K, reserved 1138688K
  class space    used 12438K, capacity 13514K, committed 13568K, reserved 1048576K
}

