# JRE version: OpenJDK Runtime Environment (8.0_242-b01) (build 1.8.0_242-release-1644-b01)
# Java VM: OpenJDK 64-Bit Server VM (25.242-b01 mixed mode windows-amd64 compressed oops)
Heap:
 PSYoungGen      total 205824K, used 31130K [0x00000000d5580000, 0x00000000e5800000, 0x0000000100000000)
  eden space 201728K, 15% used [0x00000000d5580000,0x00000000d73e6b88,0x00000000e1a80000)
  from space 4096K, 0% used [0x00000000e2e00000,0x00000000e2e00000,0x00000000e3200000)
  to   space 19968K, 0% used [0x00000000e1a80000,0x00000000e1a80000,0x00000000e2e00000)
 ParOldGen       total 141312K, used 32308K [0x0000000080000000, 0x0000000088a00000, 0x00000000d5580000)
  object space 141312K, 22% used [0x0000000080000000,0x0000000081f8d050,0x0000000088a00000)
 Metaspace       used 58594K, capacity 60918K, committed 61056K, reserved 1101824K
  class space    used 7984K, capacity 8471K, committed 8576K, reserved 1048576K
GC Heap History (10 events):
Event: 10.532 GC heap before
{Heap before GC invocations=9 (full 2):
 PSYoungGen      total 129024K, used 8651K [0x00000000d5580000, 0x00000000e3d00000, 0x0000000100000000)
  eden space 116736K, 0% used [0x00000000d5580000,0x00000000d5580000,0x00000000dc780000)
  from space 12288K, 70% used [0x00000000dc780000,0x00000000dcff2c68,0x00000000dd380000)
  to   space 11776K, 0% used [0x00000000e3180000,0x00000000e3180000,0x00000000e3d00000)
 ParOldGen       total 86016K, used 7411K [0x0000000080000000, 0x0000000085400000, 0x00000000d5580000)
  object space 86016K, 8% used [0x0000000080000000,0x000000008073cd60,0x0000000085400000)
 Metaspace       used 34251K, capacity 35392K, committed 35416K, reserved 1079296K
  class space    used 4697K, capacity 4973K, committed 4992K, reserved 1048576K
Event: 10.710 GC heap after
Heap after GC invocations=9 (full 2):
 PSYoungGen      total 129024K, used 0K [0x00000000d5580000, 0x00000000e3d00000, 0x0000000100000000)
  eden space 116736K, 0% used [0x00000000d5580000,0x00000000d5580000,0x00000000dc780000)
  from space 12288K, 0% used [0x00000000dc780000,0x00000000dc780000,0x00000000dd380000)
  to   space 11776K, 0% used [0x00000000e3180000,0x00000000e3180000,0x00000000e3d00000)
 ParOldGen       total 141312K, used 15349K [0x0000000080000000, 0x0000000088a00000, 0x00000000d5580000)
  object space 141312K, 10% used [0x0000000080000000,0x0000000080efd448,0x0000000088a00000)
 Metaspace       used 34251K, capacity 35392K, committed 35416K, reserved 1079296K
  class space    used 4697K, capacity 4973K, committed 4992K, reserved 1048576K
}
Event: 12.653 GC heap before
{Heap before GC invocations=10 (full 2):
 PSYoungGen      total 129024K, used 116736K [0x00000000d5580000, 0x00000000e3d00000, 0x0000000100000000)
  eden space 116736K, 100% used [0x00000000d5580000,0x00000000dc780000,0x00000000dc780000)
  from space 12288K, 0% used [0x00000000dc780000,0x00000000dc780000,0x00000000dd380000)
  to   space 11776K, 0% used [0x00000000e3180000,0x00000000e3180000,0x00000000e3d00000)
 ParOldGen       total 141312K, used 15349K [0x0000000080000000, 0x0000000088a00000, 0x00000000d5580000)
  object space 141312K, 10% used [0x0000000080000000,0x0000000080efd448,0x0000000088a00000)
 Metaspace       used 37913K, capacity 39530K, committed 39680K, reserved 1083392K
  class space    used 5213K, capacity 5571K, committed 5632K, reserved 1048576K
Event: 12.663 GC heap after
Heap after GC invocations=10 (full 2):
 PSYoungGen      total 164352K, used 7718K [0x00000000d5580000, 0x00000000e3980000, 0x0000000100000000)
  eden space 156160K, 0% used [0x00000000d5580000,0x00000000d5580000,0x00000000dee00000)
  from space 8192K, 94% used [0x00000000e3180000,0x00000000e3909a40,0x00000000e3980000)
  to   space 11776K, 0% used [0x00000000e2280000,0x00000000e2280000,0x00000000e2e00000)
 ParOldGen       total 141312K, used 15357K [0x0000000080000000, 0x0000000088a00000, 0x00000000d5580000)
  object space 141312K, 10% used [0x0000000080000000,0x0000000080eff448,0x0000000088a00000)
 Metaspace       used 37913K, capacity 39530K, committed 39680K, reserved 1083392K
  class space    used 5213K, capacity 5571K, committed 5632K, reserved 1048576K
}
Event: 14.718 GC heap before
{Heap before GC invocations=11 (full 2):
 PSYoungGen      total 164352K, used 163878K [0x00000000d5580000, 0x00000000e3980000, 0x0000000100000000)
  eden space 156160K, 100% used [0x00000000d5580000,0x00000000dee00000,0x00000000dee00000)
  from space 8192K, 94% used [0x00000000e3180000,0x00000000e3909a40,0x00000000e3980000)
  to   space 11776K, 0% used [0x00000000e2280000,0x00000000e2280000,0x00000000e2e00000)
 ParOldGen       total 141312K, used 15357K [0x0000000080000000, 0x0000000088a00000, 0x00000000d5580000)
  object space 141312K, 10% used [0x0000000080000000,0x0000000080eff448,0x0000000088a00000)
 Metaspace       used 52718K, capacity 54686K, committed 54784K, reserved 1097728K
  class space    used 7001K, capacity 7410K, committed 7424K, reserved 1048576K
Event: 14.738 GC heap after
Heap after GC invocations=11 (full 2):
 PSYoungGen      total 197120K, used 11772K [0x00000000d5580000, 0x00000000e3200000, 0x0000000100000000)
  eden space 185344K, 0% used [0x00000000d5580000,0x00000000d5580000,0x00000000e0a80000)
  from space 11776K, 99% used [0x00000000e2280000,0x00000000e2dff340,0x00000000e2e00000)
  to   space 4096K, 0% used [0x00000000e2e00000,0x00000000e2e00000,0x00000000e3200000)
 ParOldGen       total 141312K, used 26784K [0x0000000080000000, 0x0000000088a00000, 0x00000000d5580000)
  object space 141312K, 18% used [0x0000000080000000,0x0000000081a28308,0x0000000088a00000)
 Metaspace       used 52718K, capacity 54686K, committed 54784K, reserved 1097728K
  class space    used 7001K, capacity 7410K, committed 7424K, reserved 1048576K
}
Event: 15.375 GC heap before
{Heap before GC invocations=12 (full 2):
 PSYoungGen      total 197120K, used 68556K [0x00000000d5580000, 0x00000000e3200000, 0x0000000100000000)
  eden space 185344K, 30% used [0x00000000d5580000,0x00000000d8cf3e30,0x00000000e0a80000)
  from space 11776K, 99% used [0x00000000e2280000,0x00000000e2dff340,0x00000000e2e00000)
  to   space 4096K, 0% used [0x00000000e2e00000,0x00000000e2e00000,0x00000000e3200000)
 ParOldGen       total 141312K, used 26784K [0x0000000080000000, 0x0000000088a00000, 0x00000000d5580000)
  object space 141312K, 18% used [0x0000000080000000,0x0000000081a28308,0x0000000088a00000)
 Metaspace       used 56793K, capacity 58958K, committed 59028K, reserved 1099776K
  class space    used 7685K, capacity 8145K, committed 8192K, reserved 1048576K
Event: 15.393 GC heap after
Heap after GC invocations=12 (full 2):
 PSYoungGen      total 205824K, used 4080K [0x00000000d5580000, 0x00000000e5800000, 0x0000000100000000)
  eden space 201728K, 0% used [0x00000000d5580000,0x00000000d5580000,0x00000000e1a80000)
  from space 4096K, 99% used [0x00000000e2e00000,0x00000000e31fc040,0x00000000e3200000)
  to   space 19968K, 0% used [0x00000000e1a80000,0x00000000e1a80000,0x00000000e2e00000)
 ParOldGen       total 141312K, used 41397K [0x0000000080000000, 0x0000000088a00000, 0x00000000d5580000)
  object space 141312K, 29% used [0x0000000080000000,0x000000008286d508,0x0000000088a00000)
 Metaspace       used 56793K, capacity 58958K, committed 59028K, reserved 1099776K
  class space    used 7685K, capacity 8145K, committed 8192K, reserved 1048576K
}
Event: 15.393 GC heap before
{Heap before GC invocations=13 (full 3):
 PSYoungGen      total 205824K, used 4080K [0x00000000d5580000, 0x00000000e5800000, 0x0000000100000000)
  eden space 201728K, 0% used [0x00000000d5580000,0x00000000d5580000,0x00000000e1a80000)
  from space 4096K, 99% used [0x00000000e2e00000,0x00000000e31fc040,0x00000000e3200000)
  to   space 19968K, 0% used [0x00000000e1a80000,0x00000000e1a80000,0x00000000e2e00000)
 ParOldGen       total 141312K, used 41397K [0x0000000080000000, 0x0000000088a00000, 0x00000000d5580000)
  object space 141312K, 29% used [0x0000000080000000,0x000000008286d508,0x0000000088a00000)
 Metaspace       used 56793K, capacity 58958K, committed 59028K, reserved 1099776K
  class space    used 7685K, capacity 8145K, committed 8192K, reserved 1048576K
Event: 15.580 GC heap after
Heap after GC invocations=13 (full 3):
 PSYoungGen      total 205824K, used 0K [0x00000000d5580000, 0x00000000e5800000, 0x0000000100000000)
  eden space 201728K, 0% used [0x00000000d5580000,0x00000000d5580000,0x00000000e1a80000)
  from space 4096K, 0% used [0x00000000e2e00000,0x00000000e2e00000,0x00000000e3200000)
  to   space 19968K, 0% used [0x00000000e1a80000,0x00000000e1a80000,0x00000000e2e00000)
 ParOldGen       total 141312K, used 32308K [0x0000000080000000, 0x0000000088a00000, 0x00000000d5580000)
  object space 141312K, 22% used [0x0000000080000000,0x0000000081f8d050,0x0000000088a00000)
 Metaspace       used 56791K, capacity 58952K, committed 59028K, reserved 1099776K
  class space    used 7685K, capacity 8144K, committed 8192K, reserved 1048576K
}

