# JRE version: OpenJDK Runtime Environment (8.0_242-b01) (build 1.8.0_242-release-1644-b01)
# Java VM: OpenJDK 64-Bit Server VM (25.242-b01 mixed mode windows-amd64 compressed oops)
Heap:
 PSYoungGen      total 364544K, used 160305K [0x00000000d5580000, 0x00000000f3580000, 0x0000000100000000)
  eden space 331776K, 39% used [0x00000000d5580000,0x00000000dd3df620,0x00000000e9980000)
  from space 32768K, 94% used [0x00000000e9980000,0x00000000eb7acf78,0x00000000eb980000)
  to   space 37376K, 0% used [0x00000000f1100000,0x00000000f1100000,0x00000000f3580000)
 ParOldGen       total 96768K, used 53372K [0x0000000080000000, 0x0000000085e80000, 0x00000000d5580000)
  object space 96768K, 55% used [0x0000000080000000,0x000000008341f198,0x0000000085e80000)
 Metaspace       used 91562K, capacity 96508K, committed 96600K, reserved 1132544K
  class space    used 12182K, capacity 13134K, committed 13184K, reserved 1048576K
GC Heap History (10 events):
Event: 9.278 GC heap before
{Heap before GC invocations=14 (full 2):
 PSYoungGen      total 201728K, used 26186K [0x00000000d5580000, 0x00000000e7800000, 0x0000000100000000)
  eden space 188928K, 7% used [0x00000000d5580000,0x00000000d629a700,0x00000000e0e00000)
  from space 12800K, 99% used [0x00000000e0e00000,0x00000000e1a78410,0x00000000e1a80000)
  to   space 19968K, 0% used [0x00000000e6480000,0x00000000e6480000,0x00000000e7800000)
 ParOldGen       total 67072K, used 32279K [0x0000000080000000, 0x0000000084180000, 0x00000000d5580000)
  object space 67072K, 48% used [0x0000000080000000,0x0000000081f85eb0,0x0000000084180000)
 Metaspace       used 56491K, capacity 58856K, committed 59028K, reserved 1099776K
  class space    used 7725K, capacity 8171K, committed 8192K, reserved 1048576K
Event: 9.320 GC heap after
Heap after GC invocations=14 (full 2):
 PSYoungGen      total 277504K, used 1120K [0x00000000d5580000, 0x00000000e8000000, 0x0000000100000000)
  eden space 257536K, 0% used [0x00000000d5580000,0x00000000d5580000,0x00000000e5100000)
  from space 19968K, 5% used [0x00000000e6480000,0x00000000e6598000,0x00000000e7800000)
  to   space 19968K, 0% used [0x00000000e5100000,0x00000000e5100000,0x00000000e6480000)
 ParOldGen       total 67072K, used 43566K [0x0000000080000000, 0x0000000084180000, 0x00000000d5580000)
  object space 67072K, 64% used [0x0000000080000000,0x0000000082a8b930,0x0000000084180000)
 Metaspace       used 56491K, capacity 58856K, committed 59028K, reserved 1099776K
  class space    used 7725K, capacity 8171K, committed 8192K, reserved 1048576K
}
Event: 9.320 GC heap before
{Heap before GC invocations=15 (full 3):
 PSYoungGen      total 277504K, used 1120K [0x00000000d5580000, 0x00000000e8000000, 0x0000000100000000)
  eden space 257536K, 0% used [0x00000000d5580000,0x00000000d5580000,0x00000000e5100000)
  from space 19968K, 5% used [0x00000000e6480000,0x00000000e6598000,0x00000000e7800000)
  to   space 19968K, 0% used [0x00000000e5100000,0x00000000e5100000,0x00000000e6480000)
 ParOldGen       total 67072K, used 43566K [0x0000000080000000, 0x0000000084180000, 0x00000000d5580000)
  object space 67072K, 64% used [0x0000000080000000,0x0000000082a8b930,0x0000000084180000)
 Metaspace       used 56491K, capacity 58856K, committed 59028K, reserved 1099776K
  class space    used 7725K, capacity 8171K, committed 8192K, reserved 1048576K
Event: 9.630 GC heap after
Heap after GC invocations=15 (full 3):
 PSYoungGen      total 277504K, used 0K [0x00000000d5580000, 0x00000000e8000000, 0x0000000100000000)
  eden space 257536K, 0% used [0x00000000d5580000,0x00000000d5580000,0x00000000e5100000)
  from space 19968K, 0% used [0x00000000e6480000,0x00000000e6480000,0x00000000e7800000)
  to   space 19968K, 0% used [0x00000000e5100000,0x00000000e5100000,0x00000000e6480000)
 ParOldGen       total 96768K, used 29531K [0x0000000080000000, 0x0000000085e80000, 0x00000000d5580000)
  object space 96768K, 30% used [0x0000000080000000,0x0000000081cd6d18,0x0000000085e80000)
 Metaspace       used 56479K, capacity 58814K, committed 59028K, reserved 1099776K
  class space    used 7721K, capacity 8164K, committed 8192K, reserved 1048576K
}
Event: 13.306 GC heap before
{Heap before GC invocations=16 (full 3):
 PSYoungGen      total 277504K, used 257536K [0x00000000d5580000, 0x00000000e8000000, 0x0000000100000000)
  eden space 257536K, 100% used [0x00000000d5580000,0x00000000e5100000,0x00000000e5100000)
  from space 19968K, 0% used [0x00000000e6480000,0x00000000e6480000,0x00000000e7800000)
  to   space 19968K, 0% used [0x00000000e5100000,0x00000000e5100000,0x00000000e6480000)
 ParOldGen       total 96768K, used 29531K [0x0000000080000000, 0x0000000085e80000, 0x00000000d5580000)
  object space 96768K, 30% used [0x0000000080000000,0x0000000081cd6d18,0x0000000085e80000)
 Metaspace       used 65698K, capacity 68842K, committed 69080K, reserved 1107968K
  class space    used 9024K, capacity 9606K, committed 9728K, reserved 1048576K
Event: 13.328 GC heap after
Heap after GC invocations=16 (full 3):
 PSYoungGen      total 277504K, used 19492K [0x00000000d5580000, 0x00000000ed100000, 0x0000000100000000)
  eden space 257536K, 0% used [0x00000000d5580000,0x00000000d5580000,0x00000000e5100000)
  from space 19968K, 97% used [0x00000000e5100000,0x00000000e64091d0,0x00000000e6480000)
  to   space 23040K, 0% used [0x00000000eba80000,0x00000000eba80000,0x00000000ed100000)
 ParOldGen       total 96768K, used 29539K [0x0000000080000000, 0x0000000085e80000, 0x00000000d5580000)
  object space 96768K, 30% used [0x0000000080000000,0x0000000081cd8d18,0x0000000085e80000)
 Metaspace       used 65698K, capacity 68842K, committed 69080K, reserved 1107968K
  class space    used 9024K, capacity 9606K, committed 9728K, reserved 1048576K
}
Event: 1406.505 GC heap before
{Heap before GC invocations=17 (full 3):
 PSYoungGen      total 277504K, used 276906K [0x00000000d5580000, 0x00000000ed100000, 0x0000000100000000)
  eden space 257536K, 99% used [0x00000000d5580000,0x00000000e50e1758,0x00000000e5100000)
  from space 19968K, 97% used [0x00000000e5100000,0x00000000e64091d0,0x00000000e6480000)
  to   space 23040K, 0% used [0x00000000eba80000,0x00000000eba80000,0x00000000ed100000)
 ParOldGen       total 96768K, used 29539K [0x0000000080000000, 0x0000000085e80000, 0x00000000d5580000)
  object space 96768K, 30% used [0x0000000080000000,0x0000000081cd8d18,0x0000000085e80000)
 Metaspace       used 74721K, capacity 78172K, committed 78424K, reserved 1118208K
  class space    used 9881K, capacity 10521K, committed 10624K, reserved 1048576K
Event: 1406.584 GC heap after
Heap after GC invocations=17 (full 3):
 PSYoungGen      total 354816K, used 23022K [0x00000000d5580000, 0x00000000ed980000, 0x0000000100000000)
  eden space 331776K, 0% used [0x00000000d5580000,0x00000000d5580000,0x00000000e9980000)
  from space 23040K, 99% used [0x00000000eba80000,0x00000000ed0fbb90,0x00000000ed100000)
  to   space 32768K, 0% used [0x00000000e9980000,0x00000000e9980000,0x00000000eb980000)
 ParOldGen       total 96768K, used 45518K [0x0000000080000000, 0x0000000085e80000, 0x00000000d5580000)
  object space 96768K, 47% used [0x0000000080000000,0x0000000082c73a90,0x0000000085e80000)
 Metaspace       used 74721K, capacity 78172K, committed 78424K, reserved 1118208K
  class space    used 9881K, capacity 10521K, committed 10624K, reserved 1048576K
}
Event: 1411.918 GC heap before
{Heap before GC invocations=18 (full 3):
 PSYoungGen      total 354816K, used 354786K [0x00000000d5580000, 0x00000000ed980000, 0x0000000100000000)
  eden space 331776K, 99% used [0x00000000d5580000,0x00000000e997ced8,0x00000000e9980000)
  from space 23040K, 99% used [0x00000000eba80000,0x00000000ed0fbb90,0x00000000ed100000)
  to   space 32768K, 0% used [0x00000000e9980000,0x00000000e9980000,0x00000000eb980000)
 ParOldGen       total 96768K, used 45518K [0x0000000080000000, 0x0000000085e80000, 0x00000000d5580000)
  object space 96768K, 47% used [0x0000000080000000,0x0000000082c73a90,0x0000000085e80000)
 Metaspace       used 84302K, capacity 88116K, committed 88408K, reserved 1126400K
  class space    used 11090K, capacity 11782K, committed 11904K, reserved 1048576K
Event: 1411.969 GC heap after
Heap after GC invocations=18 (full 3):
 PSYoungGen      total 364544K, used 30899K [0x00000000d5580000, 0x00000000f3580000, 0x0000000100000000)
  eden space 331776K, 0% used [0x00000000d5580000,0x00000000d5580000,0x00000000e9980000)
  from space 32768K, 94% used [0x00000000e9980000,0x00000000eb7acf78,0x00000000eb980000)
  to   space 37376K, 0% used [0x00000000f1100000,0x00000000f1100000,0x00000000f3580000)
 ParOldGen       total 96768K, used 53372K [0x0000000080000000, 0x0000000085e80000, 0x00000000d5580000)
  object space 96768K, 55% used [0x0000000080000000,0x000000008341f198,0x0000000085e80000)
 Metaspace       used 84302K, capacity 88116K, committed 88408K, reserved 1126400K
  class space    used 11090K, capacity 11782K, committed 11904K, reserved 1048576K
}

